2023-02-20T11:11:39.896Z - verbose: Arguments:
2023-02-20T11:11:39.896Z - verbose:   /Applications/CocosCreator/Creator/3.7.0/CocosCreator.app/Contents/MacOS/CocosCreator: true
2023-02-20T11:11:39.896Z - verbose:   project: /Users/chicmic/Documents/InhouseCOCOS/uploadProfile
2023-02-20T11:11:39.896Z - verbose:   dev: false
2023-02-20T11:11:39.896Z - verbose:   home: /Users/chicmic/.CocosCreator
2023-02-20T11:11:39.896Z - verbose:  
2023-02-20T11:11:44.167Z - verbose: [Package] menu@1.0.0 enable
2023-02-20T11:11:44.170Z - verbose: [Package] profile@1.0.0 enable
2023-02-20T11:11:44.181Z - verbose: [Package] project@1.0.4 enable
2023-02-20T11:11:44.187Z - verbose: [Package] messages@1.0.0 enable
2023-02-20T11:11:44.206Z - verbose: [Package] program@1.0.3 enable
2023-02-20T11:11:44.210Z - verbose: [Package] tester@1.0.0 enable
2023-02-20T11:11:44.211Z - verbose: [Package] information@1.0.0 enable
2023-02-20T11:11:44.216Z - verbose: [Package] preferences@1.0.0 enable
2023-02-20T11:11:45.933Z - log: Load engine in /Applications/CocosCreator/Creator/3.7.0/CocosCreator.app/Contents/Resources/resources/3d/engine
2023-02-20T11:11:46.187Z - log: Register native engine in /Applications/CocosCreator/Creator/3.7.0/CocosCreator.app/Contents/Resources/resources/3d/engine/native
2023-02-20T11:11:46.188Z - verbose: [Package] engine@1.0.7 enable
2023-02-20T11:11:46.814Z - verbose: [Package] programming@1.0.0 enable
2023-02-20T11:11:46.818Z - verbose: [Package] device@1.0.1 enable
2023-02-20T11:11:46.821Z - verbose: [Package] ui-kit@1.0.1 enable
2023-02-20T11:11:46.881Z - verbose: [Package] asset-db@1.0.0 enable
2023-02-20T11:11:46.914Z - verbose: [Package] scene@1.0.0 enable
2023-02-20T11:11:47.007Z - verbose: [Package] server@1.0.0 enable
2023-02-20T11:11:47.033Z - verbose: [Package] utils@1.0.0 enable
2023-02-20T11:11:49.891Z - verbose: [Package] preview@1.0.1 enable
2023-02-20T11:11:49.918Z - verbose: [Package] animator@1.0.0 enable
2023-02-20T11:11:50.025Z - verbose: [Build-plugin] register pkg scene: 1ms
2023-02-20T11:11:50.025Z - verbose: Builder PluginManager init: 1ms
2023-02-20T11:11:50.028Z - verbose: [Package] builder@1.3.4 enable
2023-02-20T11:11:50.054Z - verbose: [Package] shortcuts@1.0.1 enable
2023-02-20T11:11:50.080Z - verbose: [Package] animation-graph@1.0.0 enable
2023-02-20T11:11:50.106Z - verbose: [Package] about@1.0.0 enable
2023-02-20T11:11:50.133Z - verbose: [Package] assets@1.0.0 enable
2023-02-20T11:11:50.159Z - verbose: [Package] console@1.0.0 enable
2023-02-20T11:11:50.308Z - verbose: [Package] crash-reporter@1.0.0 enable
2023-02-20T11:11:50.479Z - verbose: [Package] extension@3.1.0 enable
2023-02-20T11:11:50.505Z - verbose: [Package] hierarchy@1.0.0 enable
2023-02-20T11:11:50.532Z - verbose: [Package] inspector@1.0.0 enable
2023-02-20T11:11:50.556Z - verbose: [Package] light-probe@1.0.4 enable
2023-02-20T11:11:50.588Z - verbose: [Package] lightmap@1.0.4 enable
2023-02-20T11:11:50.615Z - verbose: [Package] node-library@1.0.1 enable
2023-02-20T11:11:50.642Z - verbose: [Package] package-asset@1.0.1 enable
2023-02-20T11:11:50.670Z - verbose: [Package] process@1.0.0 enable
2023-02-20T11:11:50.694Z - verbose: [Package] reference-image@1.0.0 enable
2023-02-20T11:11:50.720Z - verbose: [Package] reflection-probe@1.0.4 enable
2023-02-20T11:11:50.745Z - verbose: [Package] engine-extends@1.0.0 enable
2023-02-20T11:11:50.771Z - verbose: [Package] alipay-mini-game@1.0.1 enable
2023-02-20T11:11:50.794Z - verbose: [Package] android@1.0.1 enable
2023-02-20T11:11:50.836Z - verbose: [Package] bytedance-mini-game@1.0.2 enable
2023-02-20T11:11:50.860Z - verbose: [Package] certificate@1.0.0 enable
2023-02-20T11:11:50.881Z - verbose: [Package] channel-upload-tools@1.0.0 enable
2023-02-20T11:11:50.904Z - verbose: [Package] fb-instant-games@1.0.0 enable
2023-02-20T11:11:50.927Z - verbose: [Package] huawei-agc@1.0.0 enable
2023-02-20T11:11:50.951Z - verbose: [Package] huawei-quick-game@1.0.1 enable
2023-02-20T11:11:51.298Z - verbose: [Package] ios@1.0.0 enable
2023-02-20T11:11:51.304Z - verbose: [Build-plugin] register pkg android: 510ms
2023-02-20T11:11:51.305Z - verbose: [Build-plugin] register pkg bytedance-mini-game: 469ms
2023-02-20T11:11:51.305Z - verbose: [Build-plugin] register pkg fb-instant-games: 401ms
2023-02-20T11:11:51.322Z - verbose: [Package] linux@1.0.0 enable
2023-02-20T11:11:51.330Z - verbose: [Build-plugin] register pkg huawei-agc: 402ms
2023-02-20T11:11:51.345Z - verbose: [Package] mac@1.0.0 enable
2023-02-20T11:11:51.398Z - verbose: [Package] native@1.0.2 enable
2023-02-20T11:11:51.417Z - verbose: [Build-plugin] register pkg native: 19ms
2023-02-20T11:11:51.424Z - verbose: [Package] ohos@1.0.0 enable
2023-02-20T11:11:51.443Z - verbose: asset-db is ready!
2023-02-20T11:11:51.448Z - verbose: [Package] open-harmonyos@1.0.0 enable
2023-02-20T11:11:51.469Z - verbose: [Package] oppo-mini-game@1.0.1 enable
2023-02-20T11:11:51.493Z - verbose: [Package] runtime-dev-tools@1.0.0 enable
2023-02-20T11:11:51.503Z - verbose: [Build-plugin] register pkg huawei-quick-game: 552ms
2023-02-20T11:11:51.517Z - verbose: [Package] taobao-creative-app@1.0.0 enable
2023-02-20T11:11:51.541Z - verbose: [Package] vivo-mini-game@1.0.1 enable
2023-02-20T11:11:51.543Z - verbose: [Build-plugin] register pkg ios: 245ms
2023-02-20T11:11:51.576Z - verbose: [Package] web-desktop@1.0.1 enable
2023-02-20T11:11:51.604Z - verbose: [Package] web-mobile@1.0.1 enable
2023-02-20T11:11:51.615Z - verbose: [Build-plugin] register pkg mac: 270ms
2023-02-20T11:11:51.630Z - verbose: [Package] wechatgame@1.0.2 enable
2023-02-20T11:11:51.653Z - verbose: [Package] windows@1.0.1 enable
2023-02-20T11:11:51.658Z - verbose: [Build-plugin] register pkg ohos: 234ms
2023-02-20T11:11:51.676Z - verbose: [Package] xiaomi-quick-game@1.0.1 enable
2023-02-20T11:11:51.812Z - verbose: [Package] cocos-service@3.0.5 enable
2023-02-20T11:11:51.830Z - verbose: [Build-plugin] register pkg cocos-service: 18ms
2023-02-20T11:11:51.831Z - verbose: [Build-plugin] register pkg oppo-mini-game: 362ms
2023-02-20T11:11:51.833Z - verbose: [Build-plugin] register pkg taobao-creative-app: 316ms
2023-02-20T11:11:51.834Z - verbose: [Build-plugin] register pkg web-desktop: 258ms
2023-02-20T11:11:51.970Z - verbose: [Package] im-plugin@3.0.10 enable
2023-02-20T11:11:51.971Z - verbose: [Build-plugin] register pkg web-mobile: 366ms
2023-02-20T11:11:51.973Z - verbose: [Build-plugin] register pkg vivo-mini-game: 432ms
2023-02-20T11:11:51.974Z - verbose: [Build-plugin] register pkg windows: 321ms
2023-02-20T11:11:51.988Z - verbose: [Build-plugin] register pkg wechatgame: 358ms
2023-02-20T11:11:51.993Z - verbose: [Package] placeholder@1.0.0 enable
2023-02-20T11:11:52.040Z - verbose: [Build-plugin] register pkg xiaomi-quick-game: 364ms
2023-02-20T11:11:53.986Z - info: [Scene] [Physics][Bullet]: Using asmjs Bullet libs.
2023-02-20T11:11:53.992Z - info: [Scene] [PHYSICS]: using builtin.
2023-02-20T11:11:54.063Z - log: [Scene] Cocos Creator v3.7.0
2023-02-20T11:11:54.063Z - info: [Scene] Forward render pipeline initialized.
2023-02-20T11:11:54.124Z - info: [Scene] [PHYSICS2D]: switch from builtin to box2d.
2023-02-20T11:12:02.630Z - verbose: [
2023-02-20T11:12:02.630Z - verbose: [
2023-02-20T11:12:02.631Z - verbose: [
2023-02-20T11:12:02.631Z - verbose: [
2023-02-20T11:12:02.631Z - verbose: [
2023-02-20T11:12:02.631Z - verbose: [
2023-02-20T11:12:02.631Z - verbose: [
2023-02-20T11:12:02.631Z - verbose: [
2023-02-20T11:12:02.631Z - verbose: [
2023-02-20T11:12:02.631Z - verbose: [
2023-02-20T11:12:02.631Z - verbose: [
2023-02-20T11:12:02.631Z - verbose: [
2023-02-20T11:12:02.631Z - verbose: [
2023-02-20T11:12:02.632Z - verbose: [
2023-02-20T11:12:02.665Z - verbose: [
2023-02-20T11:12:02.665Z - verbose: [
2023-02-20T11:12:02.687Z - verbose: [
2023-02-20T11:12:02.701Z - verbose: [
2023-02-20T11:12:02.702Z - verbose: [
2023-02-20T11:12:02.702Z - verbose: B
2023-02-20T11:15:03.311Z - warn: Metrics: no valid info
